{"/Users/yseylis/Desktop/projects/use-resize-observer/lib/useResizeObserver/useBreakpointObserver.ts": {"path":"/Users/yseylis/Desktop/projects/use-resize-observer/lib/useResizeObserver/useBreakpointObserver.ts","statementMap":{"0":{"start":{"line":1,"column":0},"end":{"line":1,"column":53}},"1":{"start":{"line":3,"column":0},"end":{"line":3,"column":47}},"2":{"start":{"line":9,"column":37},"end":{"line":26,"column":1}},"3":{"start":{"line":12,"column":24},"end":{"line":12,"column":45}},"4":{"start":{"line":13,"column":34},"end":{"line":13,"column":90}},"5":{"start":{"line":13,"column":40},"end":{"line":13,"column":90}},"6":{"start":{"line":14,"column":56},"end":{"line":14,"column":98}},"7":{"start":{"line":15,"column":37},"end":{"line":15,"column":92}},"8":{"start":{"line":15,"column":51},"end":{"line":15,"column":69}},"9":{"start":{"line":17,"column":4},"end":{"line":23,"column":11}},"10":{"start":{"line":18,"column":25},"end":{"line":18,"column":97}},"11":{"start":{"line":18,"column":50},"end":{"line":18,"column":96}},"12":{"start":{"line":20,"column":8},"end":{"line":20,"column":40}},"13":{"start":{"line":22,"column":8},"end":{"line":22,"column":43}},"14":{"start":{"line":22,"column":21},"end":{"line":22,"column":42}},"15":{"start":{"line":25,"column":4},"end":{"line":25,"column":36}},"16":{"start":{"line":9,"column":13},"end":{"line":9,"column":37}}},"fnMap":{"0":{"name":"(anonymous_0)","decl":{"start":{"line":9,"column":37},"end":{"line":9,"column":null}},"loc":{"start":{"line":11,"column":13},"end":{"line":26,"column":1}}},"1":{"name":"(anonymous_1)","decl":{"start":{"line":13,"column":34},"end":{"line":13,"column":37}},"loc":{"start":{"line":13,"column":40},"end":{"line":13,"column":90}}},"2":{"name":"(anonymous_2)","decl":{"start":{"line":15,"column":45},"end":{"line":15,"column":48}},"loc":{"start":{"line":15,"column":51},"end":{"line":15,"column":69}}},"3":{"name":"(anonymous_3)","decl":{"start":{"line":17,"column":14},"end":{"line":17,"column":17}},"loc":{"start":{"line":17,"column":19},"end":{"line":23,"column":5}}},"4":{"name":"(anonymous_4)","decl":{"start":{"line":18,"column":44},"end":{"line":18,"column":47}},"loc":{"start":{"line":18,"column":50},"end":{"line":18,"column":96}}},"5":{"name":"(anonymous_5)","decl":{"start":{"line":22,"column":15},"end":{"line":22,"column":18}},"loc":{"start":{"line":22,"column":21},"end":{"line":22,"column":42}}}},"branchMap":{},"s":{"0":1,"1":1,"2":1,"3":5,"4":5,"5":6,"6":5,"7":5,"8":5,"9":5,"10":4,"11":1,"12":4,"13":4,"14":4,"15":5,"16":1},"f":{"0":5,"1":6,"2":5,"3":4,"4":1,"5":4},"b":{}}
,"/Users/yseylis/Desktop/projects/use-resize-observer/lib/useResizeObserver/breakpoints/index.ts": {"path":"/Users/yseylis/Desktop/projects/use-resize-observer/lib/useResizeObserver/breakpoints/index.ts","statementMap":{"0":{"start":{"line":1,"column":0},"end":{"line":1,"column":33}}},"fnMap":{},"branchMap":{},"s":{"0":1},"f":{},"b":{}}
}
