TN:
SF:lib/useResizeObserver/useBreakpointObserver.ts
FN:9,(anonymous_0)
FN:13,(anonymous_1)
FN:15,(anonymous_2)
FN:17,(anonymous_3)
FN:18,(anonymous_4)
FN:22,(anonymous_5)
FNF:6
FNH:6
FNDA:5,(anonymous_0)
FNDA:6,(anonymous_1)
FNDA:5,(anonymous_2)
FNDA:4,(anonymous_3)
FNDA:1,(anonymous_4)
FNDA:4,(anonymous_5)
DA:1,1
DA:3,1
DA:9,1
DA:12,5
DA:13,6
DA:14,5
DA:15,5
DA:17,5
DA:18,4
DA:20,4
DA:22,4
DA:25,5
LF:12
LH:12
BRF:0
BRH:0
end_of_record
TN:
SF:lib/useResizeObserver/breakpoints/index.ts
FNF:0
FNH:0
DA:1,1
LF:1
LH:1
BRF:0
BRH:0
end_of_record
